<?xml version="1.0" encoding="UTF-8"?>
<!-- Generated by org.testng.reporters.JUnitXMLReporter -->
<testsuite hostname="2030007706" failures="1" tests="4" name="SHealth_Sanity_Must" time="0.044" errors="0" timestamp="3 Feb 2019 03:35:25 GMT">
  <testcase classname="com.rohini.automation.DemoGroups" name="testCase_1" time="0.004"/>
  <testcase classname="com.rohini.automation.DemoGroups" name="testCase_2" time="0.001"/>
  <testcase classname="com.rohini.automation.DemoGroups" name="testCase_3" time="0.001"/>
  <testcase classname="com.rohini.automation.DemoGroups" name="testCase_4" time="0.003">
    <failure type="junit.framework.ComparisonFailure" message="expected:&amp;lt;r...&amp;gt; but was:&amp;lt;bl...&amp;gt;">
      <![CDATA[junit.framework.ComparisonFailure: expected:<r...> but was:<bl...>
	at junit.framework.Assert.assertEquals(Assert.java:81)
	at junit.framework.Assert.assertEquals(Assert.java:87)
	at com.rohini.automation.DemoGroups.testCase_4(DemoGroups.java:54)
... Removed 25 stack frames]]>
    </failure>
  </testcase> <!-- testCase_4 -->
</testsuite> <!-- SHealth_Sanity_Must -->
