<?xml version="1.0" encoding="UTF-8"?>
<!-- Generated by org.testng.reporters.JUnitXMLReporter -->
<testsuite hostname="2030007706" failures="0" tests="3" name="Default test" time="0.034" errors="0" timestamp="31 Jan 2019 03:59:12 GMT">
  <testcase classname="com.rohini.automation.DemoGroups" name="testCase_1" time="0.004"/>
  <testcase classname="com.rohini.automation.DemoGroups" name="testCase_2" time="0.001"/>
  <testcase classname="com.rohini.automation.DemoGroups" name="testCase_3" time="0.001"/>
</testsuite> <!-- Default test -->
