<?xml version="1.0" encoding="UTF-8"?>
<testng-results total="1" passed="1" failed="0" skipped="0">
  <reporter-output>
  </reporter-output>
  <suite started-at="2019-01-31T02:58:45Z" name="Surefire suite" finished-at="2019-01-31T02:58:45Z" duration-ms="33">
    <groups>
    </groups>
    <test started-at="2019-01-31T02:58:45Z" name="Surefire test" finished-at="2019-01-31T02:58:45Z" duration-ms="33">
      <class name="com.rohini.automation.AppTest">
        <test-method signature="testApp()[pri:0, instance:testApp(com.rohini.automation.AppTest)]" started-at="2019-01-30T18:58:45Z" name="testApp" finished-at="2019-01-30T18:58:45Z" duration-ms="15" status="PASS">
          <reporter-output>
          </reporter-output>
        </test-method> <!-- testApp -->
      </class> <!-- com.rohini.automation.AppTest -->
    </test> <!-- Surefire test -->
  </suite> <!-- Surefire suite -->
</testng-results>
